# JRE version: OpenJDK Runtime Environment Temurin-17.0.12+7 (17.0.12+7) (build 17.0.12+7)
# Java VM: OpenJDK 64-Bit Server VM Temurin-17.0.12+7 (17.0.12+7, mixed mode, emulated-client, tiered, compressed oops, compressed class ptrs, g1 gc, windows-amd64)
GC Precious Log:
 CPUs: 8 total, 8 available
 Memory: 8022M
 Large Page Support: Disabled
 NUMA Support: Disabled
 Compressed Oops: Enabled (32-bit)
 Heap Region Size: 1M
 Heap Min Capacity: 8M
 Heap Initial Capacity: 126M
 Heap Max Capacity: 1G
 Pre-touch: Disabled
 Parallel Workers: 8
 Concurrent Workers: 2
 Concurrent Refinement Workers: 8
 Periodic GC: Disabled
Heap:
 garbage-first heap   total 133120K, used 44971K [0x00000000c0000000, 0x0000000100000000)
  region size 1024K, 1 young (1024K), 0 survivors (0K)
 Metaspace       used 64793K, committed 65280K, reserved 1114112K
  class space    used 8386K, committed 8640K, reserved 1048576K
GC Heap History (20 events):
Event: 16076.060 GC heap after
{Heap after GC invocations=1209 (full 1146):
 garbage-first heap   total 133120K, used 44971K [0x00000000c0000000, 0x0000000100000000)
  region size 1024K, 0 young (0K), 0 survivors (0K)
 Metaspace       used 64793K, committed 65280K, reserved 1114112K
  class space    used 8386K, committed 8640K, reserved 1048576K
}
Event: 16086.155 GC heap before
{Heap before GC invocations=1209 (full 1146):
 garbage-first heap   total 133120K, used 44971K [0x00000000c0000000, 0x0000000100000000)
  region size 1024K, 1 young (1024K), 0 survivors (0K)
 Metaspace       used 64793K, committed 65280K, reserved 1114112K
  class space    used 8386K, committed 8640K, reserved 1048576K
}
Event: 16086.187 GC heap after
{Heap after GC invocations=1210 (full 1147):
 garbage-first heap   total 133120K, used 44971K [0x00000000c0000000, 0x0000000100000000)
  region size 1024K, 0 young (0K), 0 survivors (0K)
 Metaspace       used 64793K, committed 65280K, reserved 1114112K
  class space    used 8386K, committed 8640K, reserved 1048576K
}
Event: 16096.286 GC heap before
{Heap before GC invocations=1210 (full 1147):
 garbage-first heap   total 133120K, used 44971K [0x00000000c0000000, 0x0000000100000000)
  region size 1024K, 1 young (1024K), 0 survivors (0K)
 Metaspace       used 64793K, committed 65280K, reserved 1114112K
  class space    used 8386K, committed 8640K, reserved 1048576K
}
Event: 16096.317 GC heap after
{Heap after GC invocations=1211 (full 1148):
 garbage-first heap   total 133120K, used 44971K [0x00000000c0000000, 0x0000000100000000)
  region size 1024K, 0 young (0K), 0 survivors (0K)
 Metaspace       used 64793K, committed 65280K, reserved 1114112K
  class space    used 8386K, committed 8640K, reserved 1048576K
}
Event: 16106.407 GC heap before
{Heap before GC invocations=1211 (full 1148):
 garbage-first heap   total 133120K, used 44971K [0x00000000c0000000, 0x0000000100000000)
  region size 1024K, 1 young (1024K), 0 survivors (0K)
 Metaspace       used 64793K, committed 65280K, reserved 1114112K
  class space    used 8386K, committed 8640K, reserved 1048576K
}
Event: 16106.437 GC heap after
{Heap after GC invocations=1212 (full 1149):
 garbage-first heap   total 133120K, used 44971K [0x00000000c0000000, 0x0000000100000000)
  region size 1024K, 0 young (0K), 0 survivors (0K)
 Metaspace       used 64793K, committed 65280K, reserved 1114112K
  class space    used 8386K, committed 8640K, reserved 1048576K
}
Event: 16116.520 GC heap before
{Heap before GC invocations=1212 (full 1149):
 garbage-first heap   total 133120K, used 44971K [0x00000000c0000000, 0x0000000100000000)
  region size 1024K, 1 young (1024K), 0 survivors (0K)
 Metaspace       used 64793K, committed 65280K, reserved 1114112K
  class space    used 8386K, committed 8640K, reserved 1048576K
}
Event: 16116.552 GC heap after
{Heap after GC invocations=1213 (full 1150):
 garbage-first heap   total 133120K, used 44971K [0x00000000c0000000, 0x0000000100000000)
  region size 1024K, 0 young (0K), 0 survivors (0K)
 Metaspace       used 64793K, committed 65280K, reserved 1114112K
  class space    used 8386K, committed 8640K, reserved 1048576K
}
Event: 16126.638 GC heap before
{Heap before GC invocations=1213 (full 1150):
 garbage-first heap   total 133120K, used 44971K [0x00000000c0000000, 0x0000000100000000)
  region size 1024K, 1 young (1024K), 0 survivors (0K)
 Metaspace       used 64793K, committed 65280K, reserved 1114112K
  class space    used 8386K, committed 8640K, reserved 1048576K
}
Event: 16126.668 GC heap after
{Heap after GC invocations=1214 (full 1151):
 garbage-first heap   total 133120K, used 44971K [0x00000000c0000000, 0x0000000100000000)
  region size 1024K, 0 young (0K), 0 survivors (0K)
 Metaspace       used 64793K, committed 65280K, reserved 1114112K
  class space    used 8386K, committed 8640K, reserved 1048576K
}
Event: 16136.751 GC heap before
{Heap before GC invocations=1214 (full 1151):
 garbage-first heap   total 133120K, used 44971K [0x00000000c0000000, 0x0000000100000000)
  region size 1024K, 1 young (1024K), 0 survivors (0K)
 Metaspace       used 64793K, committed 65280K, reserved 1114112K
  class space    used 8386K, committed 8640K, reserved 1048576K
}
Event: 16136.780 GC heap after
{Heap after GC invocations=1215 (full 1152):
 garbage-first heap   total 133120K, used 44971K [0x00000000c0000000, 0x0000000100000000)
  region size 1024K, 0 young (0K), 0 survivors (0K)
 Metaspace       used 64793K, committed 65280K, reserved 1114112K
  class space    used 8386K, committed 8640K, reserved 1048576K
}
Event: 16146.862 GC heap before
{Heap before GC invocations=1215 (full 1152):
 garbage-first heap   total 133120K, used 44971K [0x00000000c0000000, 0x0000000100000000)
  region size 1024K, 1 young (1024K), 0 survivors (0K)
 Metaspace       used 64793K, committed 65280K, reserved 1114112K
  class space    used 8386K, committed 8640K, reserved 1048576K
}
Event: 16146.894 GC heap after
{Heap after GC invocations=1216 (full 1153):
 garbage-first heap   total 133120K, used 44971K [0x00000000c0000000, 0x0000000100000000)
  region size 1024K, 0 young (0K), 0 survivors (0K)
 Metaspace       used 64793K, committed 65280K, reserved 1114112K
  class space    used 8386K, committed 8640K, reserved 1048576K
}
Event: 16156.983 GC heap before
{Heap before GC invocations=1216 (full 1153):
 garbage-first heap   total 133120K, used 44971K [0x00000000c0000000, 0x0000000100000000)
  region size 1024K, 1 young (1024K), 0 survivors (0K)
 Metaspace       used 64793K, committed 65280K, reserved 1114112K
  class space    used 8386K, committed 8640K, reserved 1048576K
}
Event: 16157.012 GC heap after
{Heap after GC invocations=1217 (full 1154):
 garbage-first heap   total 133120K, used 44971K [0x00000000c0000000, 0x0000000100000000)
  region size 1024K, 0 young (0K), 0 survivors (0K)
 Metaspace       used 64793K, committed 65280K, reserved 1114112K
  class space    used 8386K, committed 8640K, reserved 1048576K
}
Event: 16167.095 GC heap before
{Heap before GC invocations=1217 (full 1154):
 garbage-first heap   total 133120K, used 44971K [0x00000000c0000000, 0x0000000100000000)
  region size 1024K, 1 young (1024K), 0 survivors (0K)
 Metaspace       used 64793K, committed 65280K, reserved 1114112K
  class space    used 8386K, committed 8640K, reserved 1048576K
}
Event: 16167.124 GC heap after
{Heap after GC invocations=1218 (full 1155):
 garbage-first heap   total 133120K, used 44971K [0x00000000c0000000, 0x0000000100000000)
  region size 1024K, 0 young (0K), 0 survivors (0K)
 Metaspace       used 64793K, committed 65280K, reserved 1114112K
  class space    used 8386K, committed 8640K, reserved 1048576K
}
Event: 16177.218 GC heap before
{Heap before GC invocations=1218 (full 1155):
 garbage-first heap   total 133120K, used 44971K [0x00000000c0000000, 0x0000000100000000)
  region size 1024K, 1 young (1024K), 0 survivors (0K)
 Metaspace       used 64793K, committed 65280K, reserved 1114112K
  class space    used 8386K, committed 8640K, reserved 1048576K
}

