# JRE version: OpenJDK Runtime Environment Temurin-17.0.13+11 (17.0.13+11) (build 17.0.13+11)
# Java VM: OpenJDK 64-Bit Server VM Temurin-17.0.13+11 (17.0.13+11, mixed mode, tiered, compressed oops, compressed class ptrs, parallel gc, windows-amd64)
GC Precious Log:
 CPUs: 8 total, 8 available
 Memory: 8022M
 Large Page Support: Disabled
 NUMA Support: Disabled
 Compressed Oops: Enabled (32-bit)
 Alignments: Space 512K, Generation 512K, Heap 2M
 Heap Min Capacity: 100M
 Heap Initial Capacity: 100M
 Heap Max Capacity: 1G
 Pre-touch: Disabled
 Parallel Workers: 8
Heap:
 PSYoungGen      total 20992K, used 16469K [0x00000000eab00000, 0x00000000ec580000, 0x0000000100000000)
  eden space 16896K, 97% used [0x00000000eab00000,0x00000000ebb156d0,0x00000000ebb80000)
  from space 4096K, 0% used [0x00000000ec180000,0x00000000ec180000,0x00000000ec580000)
  to   space 5120K, 9% used [0x00000000ebb80000,0x00000000ebbf8000,0x00000000ec080000)
 ParOldGen       total 95744K, used 86366K [0x00000000c0000000, 0x00000000c5d80000, 0x00000000eab00000)
  object space 95744K, 90% used [0x00000000c0000000,0x00000000c5457b20,0x00000000c5d80000)
 Metaspace       used 68417K, committed 69760K, reserved 1114112K
  class space    used 7383K, committed 7936K, reserved 1048576K
GC Heap History (20 events):
Event: 47.645 GC heap before
{Heap before GC invocations=45 (full 4):
 PSYoungGen      total 22016K, used 21718K [0x00000000eab00000, 0x00000000ec380000, 0x0000000100000000)
  eden space 18944K, 100% used [0x00000000eab00000,0x00000000ebd80000,0x00000000ebd80000)
  from space 3072K, 90% used [0x00000000ebd80000,0x00000000ec035b68,0x00000000ec080000)
  to   space 3072K, 0% used [0x00000000ec080000,0x00000000ec080000,0x00000000ec380000)
 ParOldGen       total 95744K, used 66957K [0x00000000c0000000, 0x00000000c5d80000, 0x00000000eab00000)
  object space 95744K, 69% used [0x00000000c0000000,0x00000000c41637f0,0x00000000c5d80000)
 Metaspace       used 67970K, committed 69248K, reserved 1114112K
  class space    used 7332K, committed 7872K, reserved 1048576K
}
Event: 47.652 GC heap after
{Heap after GC invocations=45 (full 4):
 PSYoungGen      total 19968K, used 3069K [0x00000000eab00000, 0x00000000ec780000, 0x0000000100000000)
  eden space 16896K, 0% used [0x00000000eab00000,0x00000000eab00000,0x00000000ebb80000)
  from space 3072K, 99% used [0x00000000ec080000,0x00000000ec37f678,0x00000000ec380000)
  to   space 5120K, 0% used [0x00000000ebb80000,0x00000000ebb80000,0x00000000ec080000)
 ParOldGen       total 95744K, used 68429K [0x00000000c0000000, 0x00000000c5d80000, 0x00000000eab00000)
  object space 95744K, 71% used [0x00000000c0000000,0x00000000c42d37b0,0x00000000c5d80000)
 Metaspace       used 67970K, committed 69248K, reserved 1114112K
  class space    used 7332K, committed 7872K, reserved 1048576K
}
Event: 48.093 GC heap before
{Heap before GC invocations=46 (full 4):
 PSYoungGen      total 19968K, used 19965K [0x00000000eab00000, 0x00000000ec780000, 0x0000000100000000)
  eden space 16896K, 100% used [0x00000000eab00000,0x00000000ebb80000,0x00000000ebb80000)
  from space 3072K, 99% used [0x00000000ec080000,0x00000000ec37f678,0x00000000ec380000)
  to   space 5120K, 0% used [0x00000000ebb80000,0x00000000ebb80000,0x00000000ec080000)
 ParOldGen       total 95744K, used 68429K [0x00000000c0000000, 0x00000000c5d80000, 0x00000000eab00000)
  object space 95744K, 71% used [0x00000000c0000000,0x00000000c42d37b0,0x00000000c5d80000)
 Metaspace       used 68032K, committed 69312K, reserved 1114112K
  class space    used 7338K, committed 7872K, reserved 1048576K
}
Event: 48.102 GC heap after
{Heap after GC invocations=46 (full 4):
 PSYoungGen      total 19456K, used 2291K [0x00000000eab00000, 0x00000000ec280000, 0x0000000100000000)
  eden space 16896K, 0% used [0x00000000eab00000,0x00000000eab00000,0x00000000ebb80000)
  from space 2560K, 89% used [0x00000000ebb80000,0x00000000ebdbcf60,0x00000000ebe00000)
  to   space 3584K, 0% used [0x00000000ebf00000,0x00000000ebf00000,0x00000000ec280000)
 ParOldGen       total 95744K, used 71520K [0x00000000c0000000, 0x00000000c5d80000, 0x00000000eab00000)
  object space 95744K, 74% used [0x00000000c0000000,0x00000000c45d82d8,0x00000000c5d80000)
 Metaspace       used 68032K, committed 69312K, reserved 1114112K
  class space    used 7338K, committed 7872K, reserved 1048576K
}
Event: 48.313 GC heap before
{Heap before GC invocations=47 (full 4):
 PSYoungGen      total 19456K, used 19187K [0x00000000eab00000, 0x00000000ec280000, 0x0000000100000000)
  eden space 16896K, 100% used [0x00000000eab00000,0x00000000ebb80000,0x00000000ebb80000)
  from space 2560K, 89% used [0x00000000ebb80000,0x00000000ebdbcf60,0x00000000ebe00000)
  to   space 3584K, 0% used [0x00000000ebf00000,0x00000000ebf00000,0x00000000ec280000)
 ParOldGen       total 95744K, used 71520K [0x00000000c0000000, 0x00000000c5d80000, 0x00000000eab00000)
  object space 95744K, 74% used [0x00000000c0000000,0x00000000c45d82d8,0x00000000c5d80000)
 Metaspace       used 68164K, committed 69504K, reserved 1114112K
  class space    used 7354K, committed 7936K, reserved 1048576K
}
Event: 48.317 GC heap after
{Heap after GC invocations=47 (full 4):
 PSYoungGen      total 20480K, used 3026K [0x00000000eab00000, 0x00000000ec280000, 0x0000000100000000)
  eden space 16896K, 0% used [0x00000000eab00000,0x00000000eab00000,0x00000000ebb80000)
  from space 3584K, 84% used [0x00000000ebf00000,0x00000000ec1f4b78,0x00000000ec280000)
  to   space 3584K, 0% used [0x00000000ebb80000,0x00000000ebb80000,0x00000000ebf00000)
 ParOldGen       total 95744K, used 71520K [0x00000000c0000000, 0x00000000c5d80000, 0x00000000eab00000)
  object space 95744K, 74% used [0x00000000c0000000,0x00000000c45d82d8,0x00000000c5d80000)
 Metaspace       used 68164K, committed 69504K, reserved 1114112K
  class space    used 7354K, committed 7936K, reserved 1048576K
}
Event: 48.495 GC heap before
{Heap before GC invocations=48 (full 4):
 PSYoungGen      total 20480K, used 19922K [0x00000000eab00000, 0x00000000ec280000, 0x0000000100000000)
  eden space 16896K, 100% used [0x00000000eab00000,0x00000000ebb80000,0x00000000ebb80000)
  from space 3584K, 84% used [0x00000000ebf00000,0x00000000ec1f4b78,0x00000000ec280000)
  to   space 3584K, 0% used [0x00000000ebb80000,0x00000000ebb80000,0x00000000ebf00000)
 ParOldGen       total 95744K, used 71520K [0x00000000c0000000, 0x00000000c5d80000, 0x00000000eab00000)
  object space 95744K, 74% used [0x00000000c0000000,0x00000000c45d82d8,0x00000000c5d80000)
 Metaspace       used 68298K, committed 69632K, reserved 1114112K
  class space    used 7372K, committed 7936K, reserved 1048576K
}
Event: 48.500 GC heap after
{Heap after GC invocations=48 (full 4):
 PSYoungGen      total 20480K, used 3580K [0x00000000eab00000, 0x00000000ec380000, 0x0000000100000000)
  eden space 16896K, 0% used [0x00000000eab00000,0x00000000eab00000,0x00000000ebb80000)
  from space 3584K, 99% used [0x00000000ebb80000,0x00000000ebeff218,0x00000000ebf00000)
  to   space 4096K, 0% used [0x00000000ebf80000,0x00000000ebf80000,0x00000000ec380000)
 ParOldGen       total 95744K, used 71591K [0x00000000c0000000, 0x00000000c5d80000, 0x00000000eab00000)
  object space 95744K, 74% used [0x00000000c0000000,0x00000000c45e9ef8,0x00000000c5d80000)
 Metaspace       used 68298K, committed 69632K, reserved 1114112K
  class space    used 7372K, committed 7936K, reserved 1048576K
}
Event: 48.652 GC heap before
{Heap before GC invocations=49 (full 4):
 PSYoungGen      total 20480K, used 20476K [0x00000000eab00000, 0x00000000ec380000, 0x0000000100000000)
  eden space 16896K, 100% used [0x00000000eab00000,0x00000000ebb80000,0x00000000ebb80000)
  from space 3584K, 99% used [0x00000000ebb80000,0x00000000ebeff218,0x00000000ebf00000)
  to   space 4096K, 0% used [0x00000000ebf80000,0x00000000ebf80000,0x00000000ec380000)
 ParOldGen       total 95744K, used 71591K [0x00000000c0000000, 0x00000000c5d80000, 0x00000000eab00000)
  object space 95744K, 74% used [0x00000000c0000000,0x00000000c45e9ef8,0x00000000c5d80000)
 Metaspace       used 68354K, committed 69696K, reserved 1114112K
  class space    used 7380K, committed 7936K, reserved 1048576K
}
Event: 48.656 GC heap after
{Heap after GC invocations=49 (full 4):
 PSYoungGen      total 19968K, used 3039K [0x00000000eab00000, 0x00000000ec280000, 0x0000000100000000)
  eden space 16896K, 0% used [0x00000000eab00000,0x00000000eab00000,0x00000000ebb80000)
  from space 3072K, 98% used [0x00000000ebf80000,0x00000000ec277ca8,0x00000000ec280000)
  to   space 3584K, 0% used [0x00000000ebb80000,0x00000000ebb80000,0x00000000ebf00000)
 ParOldGen       total 95744K, used 74448K [0x00000000c0000000, 0x00000000c5d80000, 0x00000000eab00000)
  object space 95744K, 77% used [0x00000000c0000000,0x00000000c48b4150,0x00000000c5d80000)
 Metaspace       used 68354K, committed 69696K, reserved 1114112K
  class space    used 7380K, committed 7936K, reserved 1048576K
}
Event: 48.845 GC heap before
{Heap before GC invocations=50 (full 4):
 PSYoungGen      total 19968K, used 19935K [0x00000000eab00000, 0x00000000ec280000, 0x0000000100000000)
  eden space 16896K, 100% used [0x00000000eab00000,0x00000000ebb80000,0x00000000ebb80000)
  from space 3072K, 98% used [0x00000000ebf80000,0x00000000ec277ca8,0x00000000ec280000)
  to   space 3584K, 0% used [0x00000000ebb80000,0x00000000ebb80000,0x00000000ebf00000)
 ParOldGen       total 95744K, used 74448K [0x00000000c0000000, 0x00000000c5d80000, 0x00000000eab00000)
  object space 95744K, 77% used [0x00000000c0000000,0x00000000c48b4150,0x00000000c5d80000)
 Metaspace       used 68371K, committed 69696K, reserved 1114112K
  class space    used 7381K, committed 7936K, reserved 1048576K
}
Event: 48.850 GC heap after
{Heap after GC invocations=50 (full 4):
 PSYoungGen      total 20480K, used 3561K [0x00000000eab00000, 0x00000000ec780000, 0x0000000100000000)
  eden space 16896K, 0% used [0x00000000eab00000,0x00000000eab00000,0x00000000ebb80000)
  from space 3584K, 99% used [0x00000000ebb80000,0x00000000ebefa750,0x00000000ebf00000)
  to   space 6144K, 0% used [0x00000000ec180000,0x00000000ec180000,0x00000000ec780000)
 ParOldGen       total 95744K, used 76263K [0x00000000c0000000, 0x00000000c5d80000, 0x00000000eab00000)
  object space 95744K, 79% used [0x00000000c0000000,0x00000000c4a79e70,0x00000000c5d80000)
 Metaspace       used 68371K, committed 69696K, reserved 1114112K
  class space    used 7381K, committed 7936K, reserved 1048576K
}
Event: 49.034 GC heap before
{Heap before GC invocations=51 (full 4):
 PSYoungGen      total 20480K, used 20457K [0x00000000eab00000, 0x00000000ec780000, 0x0000000100000000)
  eden space 16896K, 100% used [0x00000000eab00000,0x00000000ebb80000,0x00000000ebb80000)
  from space 3584K, 99% used [0x00000000ebb80000,0x00000000ebefa750,0x00000000ebf00000)
  to   space 6144K, 0% used [0x00000000ec180000,0x00000000ec180000,0x00000000ec780000)
 ParOldGen       total 95744K, used 76263K [0x00000000c0000000, 0x00000000c5d80000, 0x00000000eab00000)
  object space 95744K, 79% used [0x00000000c0000000,0x00000000c4a79e70,0x00000000c5d80000)
 Metaspace       used 68390K, committed 69696K, reserved 1114112K
  class space    used 7382K, committed 7936K, reserved 1048576K
}
Event: 49.042 GC heap after
{Heap after GC invocations=51 (full 4):
 PSYoungGen      total 22016K, used 4824K [0x00000000eab00000, 0x00000000ec680000, 0x0000000100000000)
  eden space 16896K, 0% used [0x00000000eab00000,0x00000000eab00000,0x00000000ebb80000)
  from space 5120K, 94% used [0x00000000ec180000,0x00000000ec636000,0x00000000ec680000)
  to   space 5120K, 0% used [0x00000000ebc80000,0x00000000ebc80000,0x00000000ec180000)
 ParOldGen       total 95744K, used 77596K [0x00000000c0000000, 0x00000000c5d80000, 0x00000000eab00000)
  object space 95744K, 81% used [0x00000000c0000000,0x00000000c4bc70b0,0x00000000c5d80000)
 Metaspace       used 68390K, committed 69696K, reserved 1114112K
  class space    used 7382K, committed 7936K, reserved 1048576K
}
Event: 49.128 GC heap before
{Heap before GC invocations=52 (full 4):
 PSYoungGen      total 22016K, used 21720K [0x00000000eab00000, 0x00000000ec680000, 0x0000000100000000)
  eden space 16896K, 100% used [0x00000000eab00000,0x00000000ebb80000,0x00000000ebb80000)
  from space 5120K, 94% used [0x00000000ec180000,0x00000000ec636000,0x00000000ec680000)
  to   space 5120K, 0% used [0x00000000ebc80000,0x00000000ebc80000,0x00000000ec180000)
 ParOldGen       total 95744K, used 77598K [0x00000000c0000000, 0x00000000c5d80000, 0x00000000eab00000)
  object space 95744K, 81% used [0x00000000c0000000,0x00000000c4bc7bd0,0x00000000c5d80000)
 Metaspace       used 68398K, committed 69696K, reserved 1114112K
  class space    used 7382K, committed 7936K, reserved 1048576K
}
Event: 49.137 GC heap after
{Heap after GC invocations=52 (full 4):
 PSYoungGen      total 22016K, used 5018K [0x00000000eab00000, 0x00000000ec580000, 0x0000000100000000)
  eden space 16896K, 0% used [0x00000000eab00000,0x00000000eab00000,0x00000000ebb80000)
  from space 5120K, 98% used [0x00000000ebc80000,0x00000000ec166890,0x00000000ec180000)
  to   space 4096K, 0% used [0x00000000ec180000,0x00000000ec180000,0x00000000ec580000)
 ParOldGen       total 95744K, used 81428K [0x00000000c0000000, 0x00000000c5d80000, 0x00000000eab00000)
  object space 95744K, 85% used [0x00000000c0000000,0x00000000c4f853e0,0x00000000c5d80000)
 Metaspace       used 68398K, committed 69696K, reserved 1114112K
  class space    used 7382K, committed 7936K, reserved 1048576K
}
Event: 49.207 GC heap before
{Heap before GC invocations=53 (full 4):
 PSYoungGen      total 22016K, used 16828K [0x00000000eab00000, 0x00000000ec580000, 0x0000000100000000)
  eden space 16896K, 69% used [0x00000000eab00000,0x00000000eb6887c0,0x00000000ebb80000)
  from space 5120K, 98% used [0x00000000ebc80000,0x00000000ec166890,0x00000000ec180000)
  to   space 4096K, 0% used [0x00000000ec180000,0x00000000ec180000,0x00000000ec580000)
 ParOldGen       total 95744K, used 81428K [0x00000000c0000000, 0x00000000c5d80000, 0x00000000eab00000)
  object space 95744K, 85% used [0x00000000c0000000,0x00000000c4f853e0,0x00000000c5d80000)
 Metaspace       used 68401K, committed 69696K, reserved 1114112K
  class space    used 7382K, committed 7936K, reserved 1048576K
}
Event: 49.222 GC heap after
{Heap after GC invocations=53 (full 4):
 PSYoungGen      total 22016K, used 16828K [0x00000000eab00000, 0x00000000ec580000, 0x0000000100000000)
  eden space 16896K, 69% used [0x00000000eab00000,0x00000000eb6887c0,0x00000000ebb80000)
  from space 5120K, 98% used [0x00000000ebc80000,0x00000000ec166890,0x00000000ec180000)
  to   space 4096K, 77% used [0x00000000ec180000,0x00000000ec494890,0x00000000ec580000)
 ParOldGen       total 95744K, used 89918K [0x00000000c0000000, 0x00000000c5d80000, 0x00000000eab00000)
  object space 95744K, 93% used [0x00000000c0000000,0x00000000c57cfbf8,0x00000000c5d80000)
 Metaspace       used 68401K, committed 69696K, reserved 1114112K
  class space    used 7382K, committed 7936K, reserved 1048576K
}
Event: 49.222 GC heap before
{Heap before GC invocations=54 (full 5):
 PSYoungGen      total 22016K, used 16828K [0x00000000eab00000, 0x00000000ec580000, 0x0000000100000000)
  eden space 16896K, 69% used [0x00000000eab00000,0x00000000eb6887c0,0x00000000ebb80000)
  from space 5120K, 98% used [0x00000000ebc80000,0x00000000ec166890,0x00000000ec180000)
  to   space 4096K, 77% used [0x00000000ec180000,0x00000000ec494890,0x00000000ec580000)
 ParOldGen       total 95744K, used 89918K [0x00000000c0000000, 0x00000000c5d80000, 0x00000000eab00000)
  object space 95744K, 93% used [0x00000000c0000000,0x00000000c57cfbf8,0x00000000c5d80000)
 Metaspace       used 68401K, committed 69696K, reserved 1114112K
  class space    used 7382K, committed 7936K, reserved 1048576K
}
Event: 49.365 GC heap after
{Heap after GC invocations=54 (full 5):
 PSYoungGen      total 20992K, used 0K [0x00000000eab00000, 0x00000000ec580000, 0x0000000100000000)
  eden space 16896K, 0% used [0x00000000eab00000,0x00000000eab00000,0x00000000ebb80000)
  from space 4096K, 0% used [0x00000000ec180000,0x00000000ec180000,0x00000000ec580000)
  to   space 5120K, 0% used [0x00000000ebb80000,0x00000000ebb80000,0x00000000ec080000)
 ParOldGen       total 95744K, used 86366K [0x00000000c0000000, 0x00000000c5d80000, 0x00000000eab00000)
  object space 95744K, 90% used [0x00000000c0000000,0x00000000c5457b20,0x00000000c5d80000)
 Metaspace       used 68401K, committed 69696K, reserved 1114112K
  class space    used 7382K, committed 7936K, reserved 1048576K
}

