# JRE version: OpenJDK Runtime Environment Temurin-17.0.13+11 (17.0.13+11) (build 17.0.13+11)
# Java VM: OpenJDK 64-Bit Server VM Temurin-17.0.13+11 (17.0.13+11, mixed mode, tiered, compressed oops, compressed class ptrs, parallel gc, windows-amd64)
GC Precious Log:
 CPUs: 8 total, 8 available
 Memory: 8022M
 Large Page Support: Disabled
 NUMA Support: Disabled
 Compressed Oops: Enabled (32-bit)
 Alignments: Space 512K, Generation 512K, Heap 2M
 Heap Min Capacity: 100M
 Heap Initial Capacity: 100M
 Heap Max Capacity: 1G
 Pre-touch: Disabled
 Parallel Workers: 8
Heap:
 PSYoungGen      total 35840K, used 23507K [0x00000000eab00000, 0x00000000eec00000, 0x0000000100000000)
  eden space 26624K, 53% used [0x00000000eab00000,0x00000000eb8f5398,0x00000000ec500000)
  from space 9216K, 99% used [0x00000000ec500000,0x00000000ecdff980,0x00000000ece00000)
  to   space 19456K, 0% used [0x00000000ed900000,0x00000000ed900000,0x00000000eec00000)
 ParOldGen       total 317440K, used 296172K [0x00000000c0000000, 0x00000000d3600000, 0x00000000eab00000)
  object space 317440K, 93% used [0x00000000c0000000,0x00000000d213b3d8,0x00000000d3600000)
 Metaspace       used 66258K, committed 67584K, reserved 1114112K
  class space    used 6925K, committed 7488K, reserved 1048576K
GC Heap History (20 events):
Event: 32.270 GC heap before
{Heap before GC invocations=246 (full 11):
 PSYoungGen      total 18944K, used 18632K [0x00000000eab00000, 0x00000000ec080000, 0x0000000100000000)
  eden space 16384K, 100% used [0x00000000eab00000,0x00000000ebb00000,0x00000000ebb00000)
  from space 2560K, 87% used [0x00000000ebe00000,0x00000000ec032020,0x00000000ec080000)
  to   space 2560K, 0% used [0x00000000ebb80000,0x00000000ebb80000,0x00000000ebe00000)
 ParOldGen       total 278528K, used 264408K [0x00000000c0000000, 0x00000000d1000000, 0x00000000eab00000)
  object space 278528K, 94% used [0x00000000c0000000,0x00000000d02363e0,0x00000000d1000000)
 Metaspace       used 65842K, committed 67200K, reserved 1114112K
  class space    used 6890K, committed 7488K, reserved 1048576K
}
Event: 32.274 GC heap after
{Heap after GC invocations=246 (full 11):
 PSYoungGen      total 19456K, used 1816K [0x00000000eab00000, 0x00000000ec100000, 0x0000000100000000)
  eden space 16896K, 0% used [0x00000000eab00000,0x00000000eab00000,0x00000000ebb80000)
  from space 2560K, 70% used [0x00000000ebb80000,0x00000000ebd463e8,0x00000000ebe00000)
  to   space 2048K, 0% used [0x00000000ebf00000,0x00000000ebf00000,0x00000000ec100000)
 ParOldGen       total 278528K, used 266409K [0x00000000c0000000, 0x00000000d1000000, 0x00000000eab00000)
  object space 278528K, 95% used [0x00000000c0000000,0x00000000d042a678,0x00000000d1000000)
 Metaspace       used 65842K, committed 67200K, reserved 1114112K
  class space    used 6890K, committed 7488K, reserved 1048576K
}
Event: 32.330 GC heap before
{Heap before GC invocations=247 (full 11):
 PSYoungGen      total 19456K, used 18712K [0x00000000eab00000, 0x00000000ec100000, 0x0000000100000000)
  eden space 16896K, 100% used [0x00000000eab00000,0x00000000ebb80000,0x00000000ebb80000)
  from space 2560K, 70% used [0x00000000ebb80000,0x00000000ebd463e8,0x00000000ebe00000)
  to   space 2048K, 0% used [0x00000000ebf00000,0x00000000ebf00000,0x00000000ec100000)
 ParOldGen       total 278528K, used 266409K [0x00000000c0000000, 0x00000000d1000000, 0x00000000eab00000)
  object space 278528K, 95% used [0x00000000c0000000,0x00000000d042a678,0x00000000d1000000)
 Metaspace       used 65842K, committed 67200K, reserved 1114112K
  class space    used 6890K, committed 7488K, reserved 1048576K
}
Event: 32.337 GC heap after
{Heap after GC invocations=247 (full 11):
 PSYoungGen      total 20480K, used 1773K [0x00000000eab00000, 0x00000000ec180000, 0x0000000100000000)
  eden space 18432K, 0% used [0x00000000eab00000,0x00000000eab00000,0x00000000ebd00000)
  from space 2048K, 86% used [0x00000000ebf00000,0x00000000ec0bb428,0x00000000ec100000)
  to   space 2048K, 0% used [0x00000000ebd00000,0x00000000ebd00000,0x00000000ebf00000)
 ParOldGen       total 278528K, used 268139K [0x00000000c0000000, 0x00000000d1000000, 0x00000000eab00000)
  object space 278528K, 96% used [0x00000000c0000000,0x00000000d05dad30,0x00000000d1000000)
 Metaspace       used 65842K, committed 67200K, reserved 1114112K
  class space    used 6890K, committed 7488K, reserved 1048576K
}
Event: 32.412 GC heap before
{Heap before GC invocations=248 (full 11):
 PSYoungGen      total 20480K, used 20205K [0x00000000eab00000, 0x00000000ec180000, 0x0000000100000000)
  eden space 18432K, 100% used [0x00000000eab00000,0x00000000ebd00000,0x00000000ebd00000)
  from space 2048K, 86% used [0x00000000ebf00000,0x00000000ec0bb428,0x00000000ec100000)
  to   space 2048K, 0% used [0x00000000ebd00000,0x00000000ebd00000,0x00000000ebf00000)
 ParOldGen       total 278528K, used 268139K [0x00000000c0000000, 0x00000000d1000000, 0x00000000eab00000)
  object space 278528K, 96% used [0x00000000c0000000,0x00000000d05dad30,0x00000000d1000000)
 Metaspace       used 65847K, committed 67200K, reserved 1114112K
  class space    used 6890K, committed 7488K, reserved 1048576K
}
Event: 32.421 GC heap after
{Heap after GC invocations=248 (full 11):
 PSYoungGen      total 20480K, used 2022K [0x00000000eab00000, 0x00000000ec900000, 0x0000000100000000)
  eden space 18432K, 0% used [0x00000000eab00000,0x00000000eab00000,0x00000000ebd00000)
  from space 2048K, 98% used [0x00000000ebd00000,0x00000000ebef9ab8,0x00000000ebf00000)
  to   space 5120K, 0% used [0x00000000ec400000,0x00000000ec400000,0x00000000ec900000)
 ParOldGen       total 278528K, used 270576K [0x00000000c0000000, 0x00000000d1000000, 0x00000000eab00000)
  object space 278528K, 97% used [0x00000000c0000000,0x00000000d083c118,0x00000000d1000000)
 Metaspace       used 65847K, committed 67200K, reserved 1114112K
  class space    used 6890K, committed 7488K, reserved 1048576K
}
Event: 32.469 GC heap before
{Heap before GC invocations=249 (full 11):
 PSYoungGen      total 20480K, used 20454K [0x00000000eab00000, 0x00000000ec900000, 0x0000000100000000)
  eden space 18432K, 100% used [0x00000000eab00000,0x00000000ebd00000,0x00000000ebd00000)
  from space 2048K, 98% used [0x00000000ebd00000,0x00000000ebef9ab8,0x00000000ebf00000)
  to   space 5120K, 0% used [0x00000000ec400000,0x00000000ec400000,0x00000000ec900000)
 ParOldGen       total 278528K, used 270576K [0x00000000c0000000, 0x00000000d1000000, 0x00000000eab00000)
  object space 278528K, 97% used [0x00000000c0000000,0x00000000d083c118,0x00000000d1000000)
 Metaspace       used 65847K, committed 67200K, reserved 1114112K
  class space    used 6890K, committed 7488K, reserved 1048576K
}
Event: 32.477 GC heap after
{Heap after GC invocations=249 (full 11):
 PSYoungGen      total 23552K, used 2869K [0x00000000eab00000, 0x00000000ec700000, 0x0000000100000000)
  eden space 20480K, 0% used [0x00000000eab00000,0x00000000eab00000,0x00000000ebf00000)
  from space 3072K, 93% used [0x00000000ec400000,0x00000000ec6cd5a8,0x00000000ec700000)
  to   space 3584K, 0% used [0x00000000ec000000,0x00000000ec000000,0x00000000ec380000)
 ParOldGen       total 278528K, used 272547K [0x00000000c0000000, 0x00000000d1000000, 0x00000000eab00000)
  object space 278528K, 97% used [0x00000000c0000000,0x00000000d0a28d30,0x00000000d1000000)
 Metaspace       used 65847K, committed 67200K, reserved 1114112K
  class space    used 6890K, committed 7488K, reserved 1048576K
}
Event: 32.538 GC heap before
{Heap before GC invocations=250 (full 11):
 PSYoungGen      total 23552K, used 23349K [0x00000000eab00000, 0x00000000ec700000, 0x0000000100000000)
  eden space 20480K, 100% used [0x00000000eab00000,0x00000000ebf00000,0x00000000ebf00000)
  from space 3072K, 93% used [0x00000000ec400000,0x00000000ec6cd5a8,0x00000000ec700000)
  to   space 3584K, 0% used [0x00000000ec000000,0x00000000ec000000,0x00000000ec380000)
 ParOldGen       total 278528K, used 272547K [0x00000000c0000000, 0x00000000d1000000, 0x00000000eab00000)
  object space 278528K, 97% used [0x00000000c0000000,0x00000000d0a28d30,0x00000000d1000000)
 Metaspace       used 65851K, committed 67200K, reserved 1114112K
  class space    used 6890K, committed 7488K, reserved 1048576K
}
Event: 32.545 GC heap after
{Heap after GC invocations=250 (full 11):
 PSYoungGen      total 25088K, used 3557K [0x00000000eab00000, 0x00000000ecb00000, 0x0000000100000000)
  eden space 21504K, 0% used [0x00000000eab00000,0x00000000eab00000,0x00000000ec000000)
  from space 3584K, 99% used [0x00000000ec000000,0x00000000ec379450,0x00000000ec380000)
  to   space 5120K, 0% used [0x00000000ec600000,0x00000000ec600000,0x00000000ecb00000)
 ParOldGen       total 278528K, used 273676K [0x00000000c0000000, 0x00000000d1000000, 0x00000000eab00000)
  object space 278528K, 98% used [0x00000000c0000000,0x00000000d0b43388,0x00000000d1000000)
 Metaspace       used 65851K, committed 67200K, reserved 1114112K
  class space    used 6890K, committed 7488K, reserved 1048576K
}
Event: 32.609 GC heap before
{Heap before GC invocations=251 (full 11):
 PSYoungGen      total 25088K, used 25054K [0x00000000eab00000, 0x00000000ecb00000, 0x0000000100000000)
  eden space 21504K, 99% used [0x00000000eab00000,0x00000000ebffe448,0x00000000ec000000)
  from space 3584K, 99% used [0x00000000ec000000,0x00000000ec379450,0x00000000ec380000)
  to   space 5120K, 0% used [0x00000000ec600000,0x00000000ec600000,0x00000000ecb00000)
 ParOldGen       total 278528K, used 273676K [0x00000000c0000000, 0x00000000d1000000, 0x00000000eab00000)
  object space 278528K, 98% used [0x00000000c0000000,0x00000000d0b43388,0x00000000d1000000)
 Metaspace       used 65853K, committed 67200K, reserved 1114112K
  class space    used 6890K, committed 7488K, reserved 1048576K
}
Event: 32.617 GC heap after
{Heap after GC invocations=251 (full 11):
 PSYoungGen      total 28160K, used 3088K [0x00000000eab00000, 0x00000000eca80000, 0x0000000100000000)
  eden space 23552K, 0% used [0x00000000eab00000,0x00000000eab00000,0x00000000ec200000)
  from space 4608K, 67% used [0x00000000ec600000,0x00000000ec9040a0,0x00000000eca80000)
  to   space 4096K, 0% used [0x00000000ec200000,0x00000000ec200000,0x00000000ec600000)
 ParOldGen       total 278528K, used 277238K [0x00000000c0000000, 0x00000000d1000000, 0x00000000eab00000)
  object space 278528K, 99% used [0x00000000c0000000,0x00000000d0ebd9e8,0x00000000d1000000)
 Metaspace       used 65853K, committed 67200K, reserved 1114112K
  class space    used 6890K, committed 7488K, reserved 1048576K
}
Event: 32.681 GC heap before
{Heap before GC invocations=252 (full 12):
 PSYoungGen      total 28160K, used 26640K [0x00000000eab00000, 0x00000000eca80000, 0x0000000100000000)
  eden space 23552K, 100% used [0x00000000eab00000,0x00000000ec200000,0x00000000ec200000)
  from space 4608K, 67% used [0x00000000ec600000,0x00000000ec9040a0,0x00000000eca80000)
  to   space 4096K, 0% used [0x00000000ec200000,0x00000000ec200000,0x00000000ec600000)
 ParOldGen       total 278528K, used 277238K [0x00000000c0000000, 0x00000000d1000000, 0x00000000eab00000)
  object space 278528K, 99% used [0x00000000c0000000,0x00000000d0ebd9e8,0x00000000d1000000)
 Metaspace       used 65853K, committed 67200K, reserved 1114112K
  class space    used 6890K, committed 7488K, reserved 1048576K
}
Event: 33.160 GC heap after
{Heap after GC invocations=252 (full 12):
 PSYoungGen      total 28160K, used 2760K [0x00000000eab00000, 0x00000000ecc80000, 0x0000000100000000)
  eden space 23552K, 0% used [0x00000000eab00000,0x00000000eab00000,0x00000000ec200000)
  from space 4608K, 59% used [0x00000000ec600000,0x00000000ec8b2118,0x00000000eca80000)
  to   space 4096K, 0% used [0x00000000ec200000,0x00000000ec200000,0x00000000ec600000)
 ParOldGen       total 317440K, used 278219K [0x00000000c0000000, 0x00000000d3600000, 0x00000000eab00000)
  object space 317440K, 87% used [0x00000000c0000000,0x00000000d0fb2cb8,0x00000000d3600000)
 Metaspace       used 65853K, committed 67200K, reserved 1114112K
  class space    used 6890K, committed 7488K, reserved 1048576K
}
Event: 33.362 GC heap before
{Heap before GC invocations=253 (full 12):
 PSYoungGen      total 28160K, used 26312K [0x00000000eab00000, 0x00000000ecc80000, 0x0000000100000000)
  eden space 23552K, 100% used [0x00000000eab00000,0x00000000ec200000,0x00000000ec200000)
  from space 4608K, 59% used [0x00000000ec600000,0x00000000ec8b2118,0x00000000eca80000)
  to   space 4096K, 0% used [0x00000000ec200000,0x00000000ec200000,0x00000000ec600000)
 ParOldGen       total 317440K, used 278219K [0x00000000c0000000, 0x00000000d3600000, 0x00000000eab00000)
  object space 317440K, 87% used [0x00000000c0000000,0x00000000d0fb2cb8,0x00000000d3600000)
 Metaspace       used 65918K, committed 67264K, reserved 1114112K
  class space    used 6892K, committed 7488K, reserved 1048576K
}
Event: 33.410 GC heap after
{Heap after GC invocations=253 (full 12):
 PSYoungGen      total 27648K, used 4089K [0x00000000eab00000, 0x00000000ed900000, 0x0000000100000000)
  eden space 23552K, 0% used [0x00000000eab00000,0x00000000eab00000,0x00000000ec200000)
  from space 4096K, 99% used [0x00000000ec200000,0x00000000ec5fe6a8,0x00000000ec600000)
  to   space 10752K, 0% used [0x00000000ece80000,0x00000000ece80000,0x00000000ed900000)
 ParOldGen       total 317440K, used 283538K [0x00000000c0000000, 0x00000000d3600000, 0x00000000eab00000)
  object space 317440K, 89% used [0x00000000c0000000,0x00000000d14e4890,0x00000000d3600000)
 Metaspace       used 65918K, committed 67264K, reserved 1114112K
  class space    used 6892K, committed 7488K, reserved 1048576K
}
Event: 33.580 GC heap before
{Heap before GC invocations=254 (full 12):
 PSYoungGen      total 27648K, used 27641K [0x00000000eab00000, 0x00000000ed900000, 0x0000000100000000)
  eden space 23552K, 100% used [0x00000000eab00000,0x00000000ec200000,0x00000000ec200000)
  from space 4096K, 99% used [0x00000000ec200000,0x00000000ec5fe6a8,0x00000000ec600000)
  to   space 10752K, 0% used [0x00000000ece80000,0x00000000ece80000,0x00000000ed900000)
 ParOldGen       total 317440K, used 283538K [0x00000000c0000000, 0x00000000d3600000, 0x00000000eab00000)
  object space 317440K, 89% used [0x00000000c0000000,0x00000000d14e4890,0x00000000d3600000)
 Metaspace       used 66093K, committed 67392K, reserved 1114112K
  class space    used 6908K, committed 7488K, reserved 1048576K
}
Event: 33.591 GC heap after
{Heap after GC invocations=254 (full 12):
 PSYoungGen      total 34304K, used 8393K [0x00000000eab00000, 0x00000000ed700000, 0x0000000100000000)
  eden space 25600K, 0% used [0x00000000eab00000,0x00000000eab00000,0x00000000ec400000)
  from space 8704K, 96% used [0x00000000ece80000,0x00000000ed6b2678,0x00000000ed700000)
  to   space 9216K, 0% used [0x00000000ec500000,0x00000000ec500000,0x00000000ece00000)
 ParOldGen       total 317440K, used 287609K [0x00000000c0000000, 0x00000000d3600000, 0x00000000eab00000)
  object space 317440K, 90% used [0x00000000c0000000,0x00000000d18de730,0x00000000d3600000)
 Metaspace       used 66093K, committed 67392K, reserved 1114112K
  class space    used 6908K, committed 7488K, reserved 1048576K
}
Event: 33.700 GC heap before
{Heap before GC invocations=255 (full 12):
 PSYoungGen      total 34304K, used 33993K [0x00000000eab00000, 0x00000000ed700000, 0x0000000100000000)
  eden space 25600K, 100% used [0x00000000eab00000,0x00000000ec400000,0x00000000ec400000)
  from space 8704K, 96% used [0x00000000ece80000,0x00000000ed6b2678,0x00000000ed700000)
  to   space 9216K, 0% used [0x00000000ec500000,0x00000000ec500000,0x00000000ece00000)
 ParOldGen       total 317440K, used 287609K [0x00000000c0000000, 0x00000000d3600000, 0x00000000eab00000)
  object space 317440K, 90% used [0x00000000c0000000,0x00000000d18de730,0x00000000d3600000)
 Metaspace       used 66093K, committed 67392K, reserved 1114112K
  class space    used 6908K, committed 7488K, reserved 1048576K
}
Event: 33.711 GC heap after
{Heap after GC invocations=255 (full 12):
 PSYoungGen      total 35840K, used 9214K [0x00000000eab00000, 0x00000000eec00000, 0x0000000100000000)
  eden space 26624K, 0% used [0x00000000eab00000,0x00000000eab00000,0x00000000ec500000)
  from space 9216K, 99% used [0x00000000ec500000,0x00000000ecdff980,0x00000000ece00000)
  to   space 19456K, 0% used [0x00000000ed900000,0x00000000ed900000,0x00000000eec00000)
 ParOldGen       total 317440K, used 296172K [0x00000000c0000000, 0x00000000d3600000, 0x00000000eab00000)
  object space 317440K, 93% used [0x00000000c0000000,0x00000000d213b3d8,0x00000000d3600000)
 Metaspace       used 66093K, committed 67392K, reserved 1114112K
  class space    used 6908K, committed 7488K, reserved 1048576K
}

