# JRE version: Java(TM) SE Runtime Environment (22.0.1+8) (build 22.0.1+8-16)
# Java VM: Java HotSpot(TM) 64-Bit Server VM (22.0.1+8-16, mixed mode, sharing, tiered, compressed oops, compressed class ptrs, g1 gc, windows-amd64)
GC Precious Log:
 CardTable entry size: 512
 Card Set container configuration: InlinePtr #cards 5 size 8 Array Of Cards #cards 12 size 40 Howl #buckets 4 coarsen threshold 1843 Howl Bitmap #cards 512 size 80 coarsen threshold 460 Card regions per heap region 1 cards per card region 2048
 CPUs: 8 total, 8 available
 Memory: 8022M
 Large Page Support: Disabled
 NUMA Support: Disabled
 Compressed Oops: Enabled (32-bit)
 Heap Region Size: 1M
 Heap Min Capacity: 8M
 Heap Initial Capacity: 126M
 Heap Max Capacity: 2006M
 Pre-touch: Disabled
 Parallel Workers: 8
 Concurrent Workers: 2
 Concurrent Refinement Workers: 8
 Periodic GC: Disabled
Heap:
 garbage-first heap   total reserved 2054144K, committed 92160K, used 72749K [0x0000000082a00000, 0x0000000100000000)
  region size 1024K, 46 young (47104K), 0 survivors (0K)
 Metaspace       used 77978K, committed 78976K, reserved 1179648K
  class space    used 9942K, committed 10432K, reserved 1048576K
GC Heap History (20 events):
Event: 11839.645 GC heap before
{Heap before GC invocations=117 (full 17):
 garbage-first heap   total reserved 2054144K, committed 81920K, used 69839K [0x0000000082a00000, 0x0000000100000000)
  region size 1024K, 44 young (45056K), 4 survivors (4096K)
 Metaspace       used 77311K, committed 78336K, reserved 1179648K
  class space    used 9928K, committed 10368K, reserved 1048576K
}
Event: 11839.653 GC heap after
{Heap after GC invocations=118 (full 17):
 garbage-first heap   total reserved 2054144K, committed 81920K, used 31022K [0x0000000082a00000, 0x0000000100000000)
  region size 1024K, 3 young (3072K), 3 survivors (3072K)
 Metaspace       used 77311K, committed 78336K, reserved 1179648K
  class space    used 9928K, committed 10368K, reserved 1048576K
}
Event: 12561.733 GC heap before
{Heap before GC invocations=118 (full 17):
 garbage-first heap   total reserved 2054144K, committed 81920K, used 62766K [0x0000000082a00000, 0x0000000100000000)
  region size 1024K, 35 young (35840K), 3 survivors (3072K)
 Metaspace       used 77332K, committed 78336K, reserved 1179648K
  class space    used 9928K, committed 10368K, reserved 1048576K
}
Event: 12561.798 GC heap after
{Heap after GC invocations=119 (full 18):
 garbage-first heap   total reserved 2054144K, committed 81920K, used 26033K [0x0000000082a00000, 0x0000000100000000)
  region size 1024K, 0 young (0K), 0 survivors (0K)
 Metaspace       used 77104K, committed 78272K, reserved 1179648K
  class space    used 9909K, committed 10368K, reserved 1048576K
}
Event: 12562.752 GC heap before
{Heap before GC invocations=119 (full 18):
 garbage-first heap   total reserved 2054144K, committed 81920K, used 70065K [0x0000000082a00000, 0x0000000100000000)
  region size 1024K, 44 young (45056K), 0 survivors (0K)
 Metaspace       used 77245K, committed 78272K, reserved 1179648K
  class space    used 9921K, committed 10368K, reserved 1048576K
}
Event: 12562.758 GC heap after
{Heap after GC invocations=120 (full 18):
 garbage-first heap   total reserved 2054144K, committed 81920K, used 29847K [0x0000000082a00000, 0x0000000100000000)
  region size 1024K, 4 young (4096K), 4 survivors (4096K)
 Metaspace       used 77245K, committed 78272K, reserved 1179648K
  class space    used 9921K, committed 10368K, reserved 1048576K
}
Event: 12566.673 GC heap before
{Heap before GC invocations=121 (full 18):
 garbage-first heap   total reserved 2054144K, committed 81920K, used 55447K [0x0000000082a00000, 0x0000000100000000)
  region size 1024K, 30 young (30720K), 4 survivors (4096K)
 Metaspace       used 77422K, committed 78336K, reserved 1179648K
  class space    used 9932K, committed 10368K, reserved 1048576K
}
Event: 12566.732 GC heap after
{Heap after GC invocations=122 (full 19):
 garbage-first heap   total reserved 2054144K, committed 81920K, used 26211K [0x0000000082a00000, 0x0000000100000000)
  region size 1024K, 0 young (0K), 0 survivors (0K)
 Metaspace       used 77194K, committed 78272K, reserved 1179648K
  class space    used 9912K, committed 10368K, reserved 1048576K
}
Event: 12567.372 GC heap before
{Heap before GC invocations=122 (full 19):
 garbage-first heap   total reserved 2054144K, committed 81920K, used 70243K [0x0000000082a00000, 0x0000000100000000)
  region size 1024K, 44 young (45056K), 0 survivors (0K)
 Metaspace       used 77348K, committed 78272K, reserved 1179648K
  class space    used 9924K, committed 10368K, reserved 1048576K
}
Event: 12567.377 GC heap after
{Heap after GC invocations=123 (full 19):
 garbage-first heap   total reserved 2054144K, committed 98304K, used 29933K [0x0000000082a00000, 0x0000000100000000)
  region size 1024K, 4 young (4096K), 4 survivors (4096K)
 Metaspace       used 77348K, committed 78272K, reserved 1179648K
  class space    used 9924K, committed 10368K, reserved 1048576K
}
Event: 12591.756 GC heap before
{Heap before GC invocations=124 (full 19):
 garbage-first heap   total reserved 2054144K, committed 98304K, used 56557K [0x0000000082a00000, 0x0000000100000000)
  region size 1024K, 31 young (31744K), 4 survivors (4096K)
 Metaspace       used 77567K, committed 78400K, reserved 1179648K
  class space    used 9934K, committed 10368K, reserved 1048576K
}
Event: 12591.849 GC heap after
{Heap after GC invocations=125 (full 20):
 garbage-first heap   total reserved 2054144K, committed 92160K, used 26362K [0x0000000082a00000, 0x0000000100000000)
  region size 1024K, 0 young (0K), 0 survivors (0K)
 Metaspace       used 77334K, committed 78336K, reserved 1179648K
  class space    used 9911K, committed 10368K, reserved 1048576K
}
Event: 12594.171 GC heap before
{Heap before GC invocations=125 (full 20):
 garbage-first heap   total reserved 2054144K, committed 92160K, used 77562K [0x0000000082a00000, 0x0000000100000000)
  region size 1024K, 51 young (52224K), 0 survivors (0K)
 Metaspace       used 77592K, committed 78464K, reserved 1179648K
  class space    used 9932K, committed 10368K, reserved 1048576K
}
Event: 12594.179 GC heap after
{Heap after GC invocations=126 (full 20):
 garbage-first heap   total reserved 2054144K, committed 92160K, used 30971K [0x0000000082a00000, 0x0000000100000000)
  region size 1024K, 5 young (5120K), 5 survivors (5120K)
 Metaspace       used 77592K, committed 78464K, reserved 1179648K
  class space    used 9932K, committed 10368K, reserved 1048576K
}
Event: 12596.683 GC heap before
{Heap before GC invocations=127 (full 20):
 garbage-first heap   total reserved 2054144K, committed 92160K, used 49403K [0x0000000082a00000, 0x0000000100000000)
  region size 1024K, 24 young (24576K), 5 survivors (5120K)
 Metaspace       used 77748K, committed 78592K, reserved 1179648K
  class space    used 9940K, committed 10368K, reserved 1048576K
}
Event: 12596.814 GC heap after
{Heap after GC invocations=128 (full 21):
 garbage-first heap   total reserved 2054144K, committed 92160K, used 26505K [0x0000000082a00000, 0x0000000100000000)
  region size 1024K, 0 young (0K), 0 survivors (0K)
 Metaspace       used 77519K, committed 78528K, reserved 1179648K
  class space    used 9919K, committed 10368K, reserved 1048576K
}
Event: 12598.848 GC heap before
{Heap before GC invocations=128 (full 21):
 garbage-first heap   total reserved 2054144K, committed 92160K, used 75657K [0x0000000082a00000, 0x0000000100000000)
  region size 1024K, 49 young (50176K), 0 survivors (0K)
 Metaspace       used 77862K, committed 78656K, reserved 1179648K
  class space    used 9942K, committed 10368K, reserved 1048576K
}
Event: 12598.853 GC heap after
{Heap after GC invocations=129 (full 21):
 garbage-first heap   total reserved 2054144K, committed 92160K, used 31092K [0x0000000082a00000, 0x0000000100000000)
  region size 1024K, 5 young (5120K), 5 survivors (5120K)
 Metaspace       used 77862K, committed 78656K, reserved 1179648K
  class space    used 9942K, committed 10368K, reserved 1048576K
}
Event: 12605.782 GC heap before
{Heap before GC invocations=130 (full 21):
 garbage-first heap   total reserved 2054144K, committed 92160K, used 51572K [0x0000000082a00000, 0x0000000100000000)
  region size 1024K, 26 young (26624K), 5 survivors (5120K)
 Metaspace       used 78041K, committed 78912K, reserved 1179648K
  class space    used 9951K, committed 10432K, reserved 1048576K
}
Event: 12605.843 GC heap after
{Heap after GC invocations=131 (full 22):
 garbage-first heap   total reserved 2054144K, committed 92160K, used 26669K [0x0000000082a00000, 0x0000000100000000)
  region size 1024K, 0 young (0K), 0 survivors (0K)
 Metaspace       used 77808K, committed 78848K, reserved 1179648K
  class space    used 9929K, committed 10432K, reserved 1048576K
}

